Assembler report for CameraProject
Wed Dec 23 14:57:22 2015
Quartus II 64-Bit Version 15.0.2 Build 153 07/15/2015 SJ Web Edition


---------------------
; Table of Contents ;
---------------------
  1. Legal Notice
  2. Assembler Summary
  3. Assembler Settings
  4. Assembler Encrypted IP Cores Summary
  5. Assembler Generated Files
  6. Assembler Device Options: CameraProject_time_limited.sof
  7. Assembler Messages



----------------
; Legal Notice ;
----------------
Copyright (C) 1991-2015 Altera Corporation. All rights reserved.
Your use of Altera Corporation's design tools, logic functions 
and other software and tools, and its AMPP partner logic 
functions, and any output files from any of the foregoing 
(including device programming or simulation files), and any 
associated documentation or information are expressly subject 
to the terms and conditions of the Altera Program License 
Subscription Agreement, the Altera Quartus II License Agreement,
the Altera MegaCore Function License Agreement, or other 
applicable license agreement, including, without limitation, 
that your use is for the sole purpose of programming logic 
devices manufactured by Altera and sold by Altera or its 
authorized distributors.  Please refer to the applicable 
agreement for further details.



+---------------------------------------------------------------+
; Assembler Summary                                             ;
+-----------------------+---------------------------------------+
; Assembler Status      ; Successful - Wed Dec 23 14:57:22 2015 ;
; Revision Name         ; CameraProject                         ;
; Top-level Entity Name ; CameraProject                         ;
; Family                ; Cyclone IV E                          ;
; Device                ; EP4CE22F17C6                          ;
+-----------------------+---------------------------------------+


+----------------------------------+
; Assembler Settings               ;
+--------+---------+---------------+
; Option ; Setting ; Default Value ;
+--------+---------+---------------+


+--------------------------------------------------------+
; Assembler Encrypted IP Cores Summary                   ;
+--------+-------------------------------+---------------+
; Vendor ; IP Core Name                  ; License Type  ;
+--------+-------------------------------+---------------+
; Altera ; Nios II Processor (6AF7 00A2) ; OpenCore Plus ;
; Altera ; Signal Tap (6AF7 BCE1)        ; Licensed      ;
; Altera ; Signal Tap (6AF7 BCEC)        ; Licensed      ;
+--------+-------------------------------+---------------+


+--------------------------------+
; Assembler Generated Files      ;
+--------------------------------+
; File Name                      ;
+--------------------------------+
; CameraProject_time_limited.sof ;
+--------------------------------+


+----------------------------------------------------------+
; Assembler Device Options: CameraProject_time_limited.sof ;
+----------------+-----------------------------------------+
; Option         ; Setting                                 ;
+----------------+-----------------------------------------+
; Device         ; EP4CE22F17C6                            ;
; JTAG usercode  ; 0x004BF15E                              ;
; Checksum       ; 0x004BF15E                              ;
+----------------+-----------------------------------------+


+--------------------+
; Assembler Messages ;
+--------------------+
Info: *******************************************************************
Info: Running Quartus II 64-Bit Assembler
    Info: Version 15.0.2 Build 153 07/15/2015 SJ Web Edition
    Info: Processing started: Wed Dec 23 14:57:20 2015
Info: Command: quartus_asm --read_settings_files=off --write_settings_files=off CameraProject -c CameraProject
Info (115031): Writing out detailed assembly data for power analysis
Info (115030): Assembler is generating device programming files
Info (115017): Design contains a time-limited core -- only a single, time-limited programming file can be generated
Warning (210042): Can't convert time-limited SOF into POF, HEX File, TTF, or RBF
Info: Quartus II 64-Bit Assembler was successful. 0 errors, 1 warning
    Info: Peak virtual memory: 864 megabytes
    Info: Processing ended: Wed Dec 23 14:57:22 2015
    Info: Elapsed time: 00:00:02
    Info: Total CPU time (on all processors): 00:00:02


