15:31:58 **** Build of configuration Nios II for project TstLCD2 ****
make all 
Info: Building ../TstLCD2_bsp/
C:/altera/14.1/nios2eds/bin/gnu/H-x86_64-mingw32/bin/make --no-print-directory -C ../TstLCD2_bsp/
[BSP build complete]
Info: Compiling hello_world_small.c to obj/default/hello_world_small.o
nios2-elf-gcc -xc -MP -MMD -c -I../TstLCD2_bsp//HAL/inc -I../TstLCD2_bsp/ -I../TstLCD2_bsp//drivers/inc  -DSYSTEM_BUS_WIDTH=32 -pipe -D__hal__ -DALT_NO_C_PLUS_PLUS -DALT_NO_CLEAN_EXIT -D'exit(a)=_exit(a)' -DALT_NO_EXIT -DALT_USE_DIRECT_DRIVERS -DALT_NO_INSTRUCTION_EMULATION -DALT_USE_SMALL_DRIVERS -DSMALL_C_LIB -DALT_SINGLE_THREADED    -Os -g -Wall   -mno-hw-div -mhw-mul -mno-hw-mulx  -o obj/default/hello_world_small.o hello_world_small.c
hello_world_small.c: In function 'main':
hello_world_small.c:310:1: error: expected declaration or statement at end of input
 }
 ^
hello_world_small.c:310:1: warning: control reaches end of non-void function [-Wreturn-type]
 }
 ^
make: *** [obj/default/hello_world_small.o] Error 1
15:32:32 **** Incremental Build of configuration Nios II for project TstLCD2 ****
make all 
Info: Building ../TstLCD2_bsp/
C:/altera/14.1/nios2eds/bin/gnu/H-x86_64-mingw32/bin/make --no-print-directory -C ../TstLCD2_bsp/
[BSP build complete]
Info: Compiling hello_world_small.c to obj/default/hello_world_small.o
nios2-elf-gcc -xc -MP -MMD -c -I../TstLCD2_bsp//HAL/inc -I../TstLCD2_bsp/ -I../TstLCD2_bsp//drivers/inc  -DSYSTEM_BUS_WIDTH=32 -pipe -D__hal__ -DALT_NO_C_PLUS_PLUS -DALT_NO_CLEAN_EXIT -D'exit(a)=_exit(a)' -DALT_NO_EXIT -DALT_USE_DIRECT_DRIVERS -DALT_NO_INSTRUCTION_EMULATION -DALT_USE_SMALL_DRIVERS -DSMALL_C_LIB -DALT_SINGLE_THREADED    -Os -g -Wall   -mno-hw-div -mhw-mul -mno-hw-mulx  -o obj/default/hello_world_small.o hello_world_small.c
hello_world_small.c: In function 'main':
hello_world_small.c:310:1: error: expected declaration or statement at end of input
 }
 ^
hello_world_small.c:310:1: warning: control reaches end of non-void function [-Wreturn-type]
 }
 ^
make: *** [obj/default/hello_world_small.o] Error 1
15:34:58 **** Incremental Build of configuration Nios II for project TstLCD2 ****
make all 
Info: Building ../TstLCD2_bsp/
C:/altera/14.1/nios2eds/bin/gnu/H-x86_64-mingw32/bin/make --no-print-directory -C ../TstLCD2_bsp/
[BSP build complete]
Info: Compiling hello_world_small.c to obj/default/hello_world_small.o
nios2-elf-gcc -xc -MP -MMD -c -I../TstLCD2_bsp//HAL/inc -I../TstLCD2_bsp/ -I../TstLCD2_bsp//drivers/inc  -DSYSTEM_BUS_WIDTH=32 -pipe -D__hal__ -DALT_NO_C_PLUS_PLUS -DALT_NO_CLEAN_EXIT -D'exit(a)=_exit(a)' -DALT_NO_EXIT -DALT_USE_DIRECT_DRIVERS -DALT_NO_INSTRUCTION_EMULATION -DALT_USE_SMALL_DRIVERS -DSMALL_C_LIB -DALT_SINGLE_THREADED    -Os -g -Wall   -mno-hw-div -mhw-mul -mno-hw-mulx  -o obj/default/hello_world_small.o hello_world_small.c
Info: Linking TstLCD2.elf
nios2-elf-g++  -T'../TstLCD2_bsp//linker.x' -msys-crt0='../TstLCD2_bsp//obj/HAL/src/crt0.o' -msys-lib=hal_bsp -L../TstLCD2_bsp/  -msmallc  -Wl,-Map=TstLCD2.map   -Os -g -Wall   -mno-hw-div -mhw-mul -mno-hw-mulx  -o TstLCD2.elf obj/default/hello_world_small.o -lm 
nios2-elf-insert TstLCD2.elf --thread_model hal --cpu_name nios2_qsys_0 --qsys true --simulation_enabled false --stderr_dev jtag_uart_0 --stdin_dev jtag_uart_0 --stdout_dev jtag_uart_0 --sopc_system_name full_sys --quartus_project_dir "Z:/ES/LCD/quartus" --jdi ../..//output_files/LCD.jdi --sopcinfo Z:/ES/LCD/quartus/software/TstLCD2_bsp/../../full_sys.sopcinfo
Info: (TstLCD2.elf) 2328 Bytes program size (code + initialized data).
Info:               1764 Bytes free for stack + heap.
Info: Creating TstLCD2.objdump
nios2-elf-objdump --disassemble --syms --all-header --source TstLCD2.elf >TstLCD2.objdump
[TstLCD2 build complete]
15:35:48 **** Incremental Build of configuration Nios II for project TstLCD2 ****
make all 
Info: Building ../TstLCD2_bsp/
C:/altera/14.1/nios2eds/bin/gnu/H-x86_64-mingw32/bin/make --no-print-directory -C ../TstLCD2_bsp/
[BSP build complete]
Info: Compiling hello_world_small.c to obj/default/hello_world_small.o
nios2-elf-gcc -xc -MP -MMD -c -I../TstLCD2_bsp//HAL/inc -I../TstLCD2_bsp/ -I../TstLCD2_bsp//drivers/inc  -DSYSTEM_BUS_WIDTH=32 -pipe -D__hal__ -DALT_NO_C_PLUS_PLUS -DALT_NO_CLEAN_EXIT -D'exit(a)=_exit(a)' -DALT_NO_EXIT -DALT_USE_DIRECT_DRIVERS -DALT_NO_INSTRUCTION_EMULATION -DALT_USE_SMALL_DRIVERS -DSMALL_C_LIB -DALT_SINGLE_THREADED    -Os -g -Wall   -mno-hw-div -mhw-mul -mno-hw-mulx  -o obj/default/hello_world_small.o hello_world_small.c
Info: Linking TstLCD2.elf
nios2-elf-g++  -T'../TstLCD2_bsp//linker.x' -msys-crt0='../TstLCD2_bsp//obj/HAL/src/crt0.o' -msys-lib=hal_bsp -L../TstLCD2_bsp/  -msmallc  -Wl,-Map=TstLCD2.map   -Os -g -Wall   -mno-hw-div -mhw-mul -mno-hw-mulx  -o TstLCD2.elf obj/default/hello_world_small.o -lm 
nios2-elf-insert TstLCD2.elf --thread_model hal --cpu_name nios2_qsys_0 --qsys true --simulation_enabled false --stderr_dev jtag_uart_0 --stdin_dev jtag_uart_0 --stdout_dev jtag_uart_0 --sopc_system_name full_sys --quartus_project_dir "Z:/ES/LCD/quartus" --jdi ../..//output_files/LCD.jdi --sopcinfo Z:/ES/LCD/quartus/software/TstLCD2_bsp/../../full_sys.sopcinfo
Info: (TstLCD2.elf) 2328 Bytes program size (code + initialized data).
Info:               1764 Bytes free for stack + heap.
Info: Creating TstLCD2.objdump
nios2-elf-objdump --disassemble --syms --all-header --source TstLCD2.elf >TstLCD2.objdump
[TstLCD2 build complete]
15:38:47 **** Incremental Build of configuration Nios II for project TstLCD2 ****
make all 
Info: Building ../TstLCD2_bsp/
C:/altera/14.1/nios2eds/bin/gnu/H-x86_64-mingw32/bin/make --no-print-directory -C ../TstLCD2_bsp/
[BSP build complete]
Info: Compiling hello_world_small.c to obj/default/hello_world_small.o
nios2-elf-gcc -xc -MP -MMD -c -I../TstLCD2_bsp//HAL/inc -I../TstLCD2_bsp/ -I../TstLCD2_bsp//drivers/inc  -DSYSTEM_BUS_WIDTH=32 -pipe -D__hal__ -DALT_NO_C_PLUS_PLUS -DALT_NO_CLEAN_EXIT -D'exit(a)=_exit(a)' -DALT_NO_EXIT -DALT_USE_DIRECT_DRIVERS -DALT_NO_INSTRUCTION_EMULATION -DALT_USE_SMALL_DRIVERS -DSMALL_C_LIB -DALT_SINGLE_THREADED    -Os -g -Wall   -mno-hw-div -mhw-mul -mno-hw-mulx  -o obj/default/hello_world_small.o hello_world_small.c
Info: Linking TstLCD2.elf
nios2-elf-g++  -T'../TstLCD2_bsp//linker.x' -msys-crt0='../TstLCD2_bsp//obj/HAL/src/crt0.o' -msys-lib=hal_bsp -L../TstLCD2_bsp/  -msmallc  -Wl,-Map=TstLCD2.map   -Os -g -Wall   -mno-hw-div -mhw-mul -mno-hw-mulx  -o TstLCD2.elf obj/default/hello_world_small.o -lm 
nios2-elf-insert TstLCD2.elf --thread_model hal --cpu_name nios2_qsys_0 --qsys true --simulation_enabled false --stderr_dev jtag_uart_0 --stdin_dev jtag_uart_0 --stdout_dev jtag_uart_0 --sopc_system_name full_sys --quartus_project_dir "Z:/ES/LCD/quartus" --jdi ../..//output_files/LCD.jdi --sopcinfo Z:/ES/LCD/quartus/software/TstLCD2_bsp/../../full_sys.sopcinfo
Info: (TstLCD2.elf) 2332 Bytes program size (code + initialized data).
Info:               1760 Bytes free for stack + heap.
Info: Creating TstLCD2.objdump
nios2-elf-objdump --disassemble --syms --all-header --source TstLCD2.elf >TstLCD2.objdump
[TstLCD2 build complete]
15:39:51 **** Incremental Build of configuration Nios II for project TstLCD2 ****
make all 
Info: Building ../TstLCD2_bsp/
C:/altera/14.1/nios2eds/bin/gnu/H-x86_64-mingw32/bin/make --no-print-directory -C ../TstLCD2_bsp/
[BSP build complete]
Info: Compiling hello_world_small.c to obj/default/hello_world_small.o
nios2-elf-gcc -xc -MP -MMD -c -I../TstLCD2_bsp//HAL/inc -I../TstLCD2_bsp/ -I../TstLCD2_bsp//drivers/inc  -DSYSTEM_BUS_WIDTH=32 -pipe -D__hal__ -DALT_NO_C_PLUS_PLUS -DALT_NO_CLEAN_EXIT -D'exit(a)=_exit(a)' -DALT_NO_EXIT -DALT_USE_DIRECT_DRIVERS -DALT_NO_INSTRUCTION_EMULATION -DALT_USE_SMALL_DRIVERS -DSMALL_C_LIB -DALT_SINGLE_THREADED    -Os -g -Wall   -mno-hw-div -mhw-mul -mno-hw-mulx  -o obj/default/hello_world_small.o hello_world_small.c
Info: Linking TstLCD2.elf
nios2-elf-g++  -T'../TstLCD2_bsp//linker.x' -msys-crt0='../TstLCD2_bsp//obj/HAL/src/crt0.o' -msys-lib=hal_bsp -L../TstLCD2_bsp/  -msmallc  -Wl,-Map=TstLCD2.map   -Os -g -Wall   -mno-hw-div -mhw-mul -mno-hw-mulx  -o TstLCD2.elf obj/default/hello_world_small.o -lm 
nios2-elf-insert TstLCD2.elf --thread_model hal --cpu_name nios2_qsys_0 --qsys true --simulation_enabled false --stderr_dev jtag_uart_0 --stdin_dev jtag_uart_0 --stdout_dev jtag_uart_0 --sopc_system_name full_sys --quartus_project_dir "Z:/ES/LCD/quartus" --jdi ../..//output_files/LCD.jdi --sopcinfo Z:/ES/LCD/quartus/software/TstLCD2_bsp/../../full_sys.sopcinfo
Info: (TstLCD2.elf) 2340 Bytes program size (code + initialized data).
Info:               1752 Bytes free for stack + heap.
Info: Creating TstLCD2.objdump
nios2-elf-objdump --disassemble --syms --all-header --source TstLCD2.elf >TstLCD2.objdump
[TstLCD2 build complete]
15:45:08 **** Incremental Build of configuration Nios II for project TstLCD2 ****
make all 
Info: Building ../TstLCD2_bsp/
C:/altera/14.1/nios2eds/bin/gnu/H-x86_64-mingw32/bin/make --no-print-directory -C ../TstLCD2_bsp/
[BSP build complete]
[TstLCD2 build complete]
15:59:25 **** Incremental Build of configuration Nios II for project TstLCD2 ****
make all 
Info: Building ../TstLCD2_bsp/
C:/altera/14.1/nios2eds/bin/gnu/H-x86_64-mingw32/bin/make --no-print-directory -C ../TstLCD2_bsp/
Makefile not up to date.
../../full_sys.sopcinfo has been modified since the BSP was generated.

Generate the BSP to update the Makefile, and then build again.

To generate from Eclipse:
 1. Right-click the BSP project.
 2. In the Nios II Menu, click Generate BSP.

To generate from the command line:
 nios2-bsp-generate-files --settings=<settings file> --bsp-dir=<target bsp files directory>

make[1]: *** [public.mk] Error 1
make: *** [../TstLCD2_bsp/-recurs-make-lib] Error 2
16:01:17 **** Incremental Build of configuration Nios II for project TstLCD2 ****
make all 
Info: Building ../TstLCD2_bsp/
C:/altera/14.1/nios2eds/bin/gnu/H-x86_64-mingw32/bin/make --no-print-directory -C ../TstLCD2_bsp/
[BSP build complete]
[TstLCD2 build complete]
16:02:36 **** Incremental Build of configuration Nios II for project TstLCD2 ****
make all 
Info: Building ../TstLCD2_bsp/
C:/altera/14.1/nios2eds/bin/gnu/H-x86_64-mingw32/bin/make --no-print-directory -C ../TstLCD2_bsp/
[BSP build complete]
Info: Compiling hello_world_small.c to obj/default/hello_world_small.o
nios2-elf-gcc -xc -MP -MMD -c -I../TstLCD2_bsp//HAL/inc -I../TstLCD2_bsp/ -I../TstLCD2_bsp//drivers/inc  -DSYSTEM_BUS_WIDTH=32 -pipe -D__hal__ -DALT_NO_C_PLUS_PLUS -DALT_NO_CLEAN_EXIT -D'exit(a)=_exit(a)' -DALT_NO_EXIT -DALT_USE_DIRECT_DRIVERS -DALT_NO_INSTRUCTION_EMULATION -DALT_USE_SMALL_DRIVERS -DSMALL_C_LIB -DALT_SINGLE_THREADED    -Os -g -Wall   -mno-hw-div -mhw-mul -mno-hw-mulx  -o obj/default/hello_world_small.o hello_world_small.c
hello_world_small.c: In function 'LCD_Init':
hello_world_small.c:187:2: error: 'Clr_LCD_CS' undeclared (first use in this function)
  Clr_LCD_CS;
  ^
hello_world_small.c:187:2: note: each undeclared identifier is reported only once for each function it appears in
make: *** [obj/default/hello_world_small.o] Error 1
16:03:44 **** Incremental Build of configuration Nios II for project TstLCD2 ****
make all 
Info: Building ../TstLCD2_bsp/
C:/altera/14.1/nios2eds/bin/gnu/H-x86_64-mingw32/bin/make --no-print-directory -C ../TstLCD2_bsp/
[BSP build complete]
Info: Compiling hello_world_small.c to obj/default/hello_world_small.o
nios2-elf-gcc -xc -MP -MMD -c -I../TstLCD2_bsp//HAL/inc -I../TstLCD2_bsp/ -I../TstLCD2_bsp//drivers/inc  -DSYSTEM_BUS_WIDTH=32 -pipe -D__hal__ -DALT_NO_C_PLUS_PLUS -DALT_NO_CLEAN_EXIT -D'exit(a)=_exit(a)' -DALT_NO_EXIT -DALT_USE_DIRECT_DRIVERS -DALT_NO_INSTRUCTION_EMULATION -DALT_USE_SMALL_DRIVERS -DSMALL_C_LIB -DALT_SINGLE_THREADED    -Os -g -Wall   -mno-hw-div -mhw-mul -mno-hw-mulx  -o obj/default/hello_world_small.o hello_world_small.c
Info: Linking TstLCD2.elf
nios2-elf-g++  -T'../TstLCD2_bsp//linker.x' -msys-crt0='../TstLCD2_bsp//obj/HAL/src/crt0.o' -msys-lib=hal_bsp -L../TstLCD2_bsp/  -msmallc  -Wl,-Map=TstLCD2.map   -Os -g -Wall   -mno-hw-div -mhw-mul -mno-hw-mulx  -o TstLCD2.elf obj/default/hello_world_small.o -lm 
nios2-elf-insert TstLCD2.elf --thread_model hal --cpu_name nios2_qsys_0 --qsys true --simulation_enabled false --stderr_dev jtag_uart_0 --stdin_dev jtag_uart_0 --stdout_dev jtag_uart_0 --sopc_system_name full_sys --quartus_project_dir "Z:/ES/LCD/quartus" --jdi ../..//output_files/LCD.jdi --sopcinfo Z:/ES/LCD/quartus/software/TstLCD2_bsp/../../full_sys.sopcinfo
Info: (TstLCD2.elf) 2352 Bytes program size (code + initialized data).
Info:               1740 Bytes free for stack + heap.
Info: Creating TstLCD2.objdump
nios2-elf-objdump --disassemble --syms --all-header --source TstLCD2.elf >TstLCD2.objdump
[TstLCD2 build complete]
16:09:45 **** Incremental Build of configuration Nios II for project TstLCD2 ****
make all 
Info: Building ../TstLCD2_bsp/
C:/altera/14.1/nios2eds/bin/gnu/H-x86_64-mingw32/bin/make --no-print-directory -C ../TstLCD2_bsp/
Makefile not up to date.
../../full_sys.sopcinfo has been modified since the BSP was generated.

Generate the BSP to update the Makefile, and then build again.

To generate from Eclipse:
 1. Right-click the BSP project.
 2. In the Nios II Menu, click Generate BSP.

To generate from the command line:
 nios2-bsp-generate-files --settings=<settings file> --bsp-dir=<target bsp files directory>

make[1]: *** [public.mk] Error 1
make: *** [../TstLCD2_bsp/-recurs-make-lib] Error 2
16:10:49 **** Incremental Build of configuration Nios II for project TstLCD2 ****
make all 
Info: Building ../TstLCD2_bsp/
C:/altera/14.1/nios2eds/bin/gnu/H-x86_64-mingw32/bin/make --no-print-directory -C ../TstLCD2_bsp/
[BSP build complete]
Info: Compiling hello_world_small.c to obj/default/hello_world_small.o
nios2-elf-gcc -xc -MP -MMD -c -I../TstLCD2_bsp//HAL/inc -I../TstLCD2_bsp/ -I../TstLCD2_bsp//drivers/inc  -DSYSTEM_BUS_WIDTH=32 -pipe -D__hal__ -DALT_NO_C_PLUS_PLUS -DALT_NO_CLEAN_EXIT -D'exit(a)=_exit(a)' -DALT_NO_EXIT -DALT_USE_DIRECT_DRIVERS -DALT_NO_INSTRUCTION_EMULATION -DALT_USE_SMALL_DRIVERS -DSMALL_C_LIB -DALT_SINGLE_THREADED    -Os -g -Wall   -mno-hw-div -mhw-mul -mno-hw-mulx  -o obj/default/hello_world_small.o hello_world_small.c
Info: Linking TstLCD2.elf
nios2-elf-g++  -T'../TstLCD2_bsp//linker.x' -msys-crt0='../TstLCD2_bsp//obj/HAL/src/crt0.o' -msys-lib=hal_bsp -L../TstLCD2_bsp/  -msmallc  -Wl,-Map=TstLCD2.map   -Os -g -Wall   -mno-hw-div -mhw-mul -mno-hw-mulx  -o TstLCD2.elf obj/default/hello_world_small.o -lm 
nios2-elf-insert TstLCD2.elf --thread_model hal --cpu_name nios2_qsys_0 --qsys true --simulation_enabled false --stderr_dev jtag_uart_0 --stdin_dev jtag_uart_0 --stdout_dev jtag_uart_0 --sopc_system_name full_sys --quartus_project_dir "Z:/ES/LCD/quartus" --jdi ../..//output_files/LCD.jdi --sopcinfo Z:/ES/LCD/quartus/software/TstLCD2_bsp/../../full_sys.sopcinfo
Info: (TstLCD2.elf) 2352 Bytes program size (code + initialized data).
Info:               1740 Bytes free for stack + heap.
Info: Creating TstLCD2.objdump
nios2-elf-objdump --disassemble --syms --all-header --source TstLCD2.elf >TstLCD2.objdump
[TstLCD2 build complete]
16:28:24 **** Incremental Build of configuration Nios II for project TstLCD2 ****
make all 
Info: Building ../TstLCD2_bsp/
C:/altera/14.1/nios2eds/bin/gnu/H-x86_64-mingw32/bin/make --no-print-directory -C ../TstLCD2_bsp/
Makefile not up to date.
../../full_sys.sopcinfo has been modified since the BSP was generated.

Generate the BSP to update the Makefile, and then build again.

To generate from Eclipse:
 1. Right-click the BSP project.
 2. In the Nios II Menu, click Generate BSP.

To generate from the command line:
 nios2-bsp-generate-files --settings=<settings file> --bsp-dir=<target bsp files directory>

make[1]: *** [public.mk] Error 1
make: *** [../TstLCD2_bsp/-recurs-make-lib] Error 2
16:29:14 **** Incremental Build of configuration Nios II for project TstLCD2 ****
make all 
Info: Building ../TstLCD2_bsp/
C:/altera/14.1/nios2eds/bin/gnu/H-x86_64-mingw32/bin/make --no-print-directory -C ../TstLCD2_bsp/
[BSP build complete]
Info: Compiling hello_world_small.c to obj/default/hello_world_small.o
nios2-elf-gcc -xc -MP -MMD -c -I../TstLCD2_bsp//HAL/inc -I../TstLCD2_bsp/ -I../TstLCD2_bsp//drivers/inc  -DSYSTEM_BUS_WIDTH=32 -pipe -D__hal__ -DALT_NO_C_PLUS_PLUS -DALT_NO_CLEAN_EXIT -D'exit(a)=_exit(a)' -DALT_NO_EXIT -DALT_USE_DIRECT_DRIVERS -DALT_NO_INSTRUCTION_EMULATION -DALT_USE_SMALL_DRIVERS -DSMALL_C_LIB -DALT_SINGLE_THREADED    -Os -g -Wall   -mno-hw-div -mhw-mul -mno-hw-mulx  -o obj/default/hello_world_small.o hello_world_small.c
Info: Linking TstLCD2.elf
nios2-elf-g++  -T'../TstLCD2_bsp//linker.x' -msys-crt0='../TstLCD2_bsp//obj/HAL/src/crt0.o' -msys-lib=hal_bsp -L../TstLCD2_bsp/  -msmallc  -Wl,-Map=TstLCD2.map   -Os -g -Wall   -mno-hw-div -mhw-mul -mno-hw-mulx  -o TstLCD2.elf obj/default/hello_world_small.o -lm 
nios2-elf-insert TstLCD2.elf --thread_model hal --cpu_name nios2_qsys_0 --qsys true --simulation_enabled false --stderr_dev jtag_uart_0 --stdin_dev jtag_uart_0 --stdout_dev jtag_uart_0 --sopc_system_name full_sys --quartus_project_dir "Z:/ES/LCD/quartus" --jdi ../..//output_files/LCD.jdi --sopcinfo Z:/ES/LCD/quartus/software/TstLCD2_bsp/../../full_sys.sopcinfo
Info: (TstLCD2.elf) 2352 Bytes program size (code + initialized data).
Info:               1740 Bytes free for stack + heap.
Info: Creating TstLCD2.objdump
nios2-elf-objdump --disassemble --syms --all-header --source TstLCD2.elf >TstLCD2.objdump
[TstLCD2 build complete]
16:52:53 **** Incremental Build of configuration Nios II for project TstLCD2 ****
make all 
Info: Building ../TstLCD2_bsp/
C:/altera/14.1/nios2eds/bin/gnu/H-x86_64-mingw32/bin/make --no-print-directory -C ../TstLCD2_bsp/
Makefile not up to date.
../../full_sys.sopcinfo has been modified since the BSP was generated.

Generate the BSP to update the Makefile, and then build again.

To generate from Eclipse:
 1. Right-click the BSP project.
 2. In the Nios II Menu, click Generate BSP.

To generate from the command line:
 nios2-bsp-generate-files --settings=<settings file> --bsp-dir=<target bsp files directory>

make[1]: *** [public.mk] Error 1
make: *** [../TstLCD2_bsp/-recurs-make-lib] Error 2
16:54:15 **** Incremental Build of configuration Nios II for project TstLCD2 ****
make all 
Info: Building ../TstLCD2_bsp/
C:/altera/14.1/nios2eds/bin/gnu/H-x86_64-mingw32/bin/make --no-print-directory -C ../TstLCD2_bsp/
[BSP build complete]
[TstLCD2 build complete]
16:58:39 **** Incremental Build of configuration Nios II for project TstLCD2 ****
make all 
Info: Building ../TstLCD2_bsp/
C:/altera/14.1/nios2eds/bin/gnu/H-x86_64-mingw32/bin/make --no-print-directory -C ../TstLCD2_bsp/
[BSP build complete]
Info: Compiling hello_world_small.c to obj/default/hello_world_small.o
nios2-elf-gcc -xc -MP -MMD -c -I../TstLCD2_bsp//HAL/inc -I../TstLCD2_bsp/ -I../TstLCD2_bsp//drivers/inc  -DSYSTEM_BUS_WIDTH=32 -pipe -D__hal__ -DALT_NO_C_PLUS_PLUS -DALT_NO_CLEAN_EXIT -D'exit(a)=_exit(a)' -DALT_NO_EXIT -DALT_USE_DIRECT_DRIVERS -DALT_NO_INSTRUCTION_EMULATION -DALT_USE_SMALL_DRIVERS -DSMALL_C_LIB -DALT_SINGLE_THREADED    -Os -g -Wall   -mno-hw-div -mhw-mul -mno-hw-mulx  -o obj/default/hello_world_small.o hello_world_small.c
hello_world_small.c: In function 'main':
hello_world_small.c:122:6: warning: implicit declaration of function 'LCD_SetCursor' [-Wimplicit-function-declaration]
      LCD_SetCursor(0,0);
      ^
hello_world_small.c: At top level:
hello_world_small.c:154:6: warning: conflicting types for 'LCD_SetCursor' [enabled by default]
 void LCD_SetCursor(alt_u16 Xpos, alt_u16 Ypos)
      ^
hello_world_small.c:122:6: note: previous implicit declaration of 'LCD_SetCursor' was here
      LCD_SetCursor(0,0);
      ^
Info: Linking TstLCD2.elf
nios2-elf-g++  -T'../TstLCD2_bsp//linker.x' -msys-crt0='../TstLCD2_bsp//obj/HAL/src/crt0.o' -msys-lib=hal_bsp -L../TstLCD2_bsp/  -msmallc  -Wl,-Map=TstLCD2.map   -Os -g -Wall   -mno-hw-div -mhw-mul -mno-hw-mulx  -o TstLCD2.elf obj/default/hello_world_small.o -lm 
nios2-elf-insert TstLCD2.elf --thread_model hal --cpu_name nios2_qsys_0 --qsys true --simulation_enabled false --stderr_dev jtag_uart_0 --stdin_dev jtag_uart_0 --stdout_dev jtag_uart_0 --sopc_system_name full_sys --quartus_project_dir "Z:/ES/LCD/quartus" --jdi ../..//output_files/LCD.jdi --sopcinfo Z:/ES/LCD/quartus/software/TstLCD2_bsp/../../full_sys.sopcinfo
Info: (TstLCD2.elf) 2372 Bytes program size (code + initialized data).
Info:               1720 Bytes free for stack + heap.
Info: Creating TstLCD2.objdump
nios2-elf-objdump --disassemble --syms --all-header --source TstLCD2.elf >TstLCD2.objdump
[TstLCD2 build complete]
16:59:16 **** Incremental Build of configuration Nios II for project TstLCD2 ****
make all 
Info: Building ../TstLCD2_bsp/
C:/altera/14.1/nios2eds/bin/gnu/H-x86_64-mingw32/bin/make --no-print-directory -C ../TstLCD2_bsp/
[BSP build complete]
[TstLCD2 build complete]
18:26:42 **** Incremental Build of configuration Nios II for project TstLCD2 ****
make all 
Info: Building ../TstLCD2_bsp/
C:/altera/14.1/nios2eds/bin/gnu/H-x86_64-mingw32/bin/make --no-print-directory -C ../TstLCD2_bsp/
[BSP build complete]
Info: Compiling hello_world_small.c to obj/default/hello_world_small.o
nios2-elf-gcc -xc -MP -MMD -c -I../TstLCD2_bsp//HAL/inc -I../TstLCD2_bsp/ -I../TstLCD2_bsp//drivers/inc  -DSYSTEM_BUS_WIDTH=32 -pipe -D__hal__ -DALT_NO_C_PLUS_PLUS -DALT_NO_CLEAN_EXIT -D'exit(a)=_exit(a)' -DALT_NO_EXIT -DALT_USE_DIRECT_DRIVERS -DALT_NO_INSTRUCTION_EMULATION -DALT_USE_SMALL_DRIVERS -DSMALL_C_LIB -DALT_SINGLE_THREADED    -Os -g -Wall   -mno-hw-div -mhw-mul -mno-hw-mulx  -o obj/default/hello_world_small.o hello_world_small.c
hello_world_small.c: In function 'main':
hello_world_small.c:122:6: warning: implicit declaration of function 'LCD_SetCursor' [-Wimplicit-function-declaration]
      LCD_SetCursor(0,0);
      ^
hello_world_small.c: At top level:
hello_world_small.c:154:6: warning: conflicting types for 'LCD_SetCursor' [enabled by default]
 void LCD_SetCursor(alt_u16 Xpos, alt_u16 Ypos)
      ^
hello_world_small.c:122:6: note: previous implicit declaration of 'LCD_SetCursor' was here
      LCD_SetCursor(0,0);
      ^
Info: Linking TstLCD2.elf
nios2-elf-g++  -T'../TstLCD2_bsp//linker.x' -msys-crt0='../TstLCD2_bsp//obj/HAL/src/crt0.o' -msys-lib=hal_bsp -L../TstLCD2_bsp/  -msmallc  -Wl,-Map=TstLCD2.map   -Os -g -Wall   -mno-hw-div -mhw-mul -mno-hw-mulx  -o TstLCD2.elf obj/default/hello_world_small.o -lm 
nios2-elf-insert TstLCD2.elf --thread_model hal --cpu_name nios2_qsys_0 --qsys true --simulation_enabled false --stderr_dev jtag_uart_0 --stdin_dev jtag_uart_0 --stdout_dev jtag_uart_0 --sopc_system_name full_sys --quartus_project_dir "Z:/ES/LCD/quartus" --jdi ../..//output_files/LCD.jdi --sopcinfo Z:/ES/LCD/quartus/software/TstLCD2_bsp/../../full_sys.sopcinfo
Info: (TstLCD2.elf) 2372 Bytes program size (code + initialized data).
Info:               1720 Bytes free for stack + heap.
Info: Creating TstLCD2.objdump
nios2-elf-objdump --disassemble --syms --all-header --source TstLCD2.elf >TstLCD2.objdump
[TstLCD2 build complete]
18:34:27 **** Incremental Build of configuration Nios II for project TstLCD2 ****
make all 
Info: Building ../TstLCD2_bsp/
C:/altera/14.1/nios2eds/bin/gnu/H-x86_64-mingw32/bin/make --no-print-directory -C ../TstLCD2_bsp/
[BSP build complete]
Info: Compiling hello_world_small.c to obj/default/hello_world_small.o
nios2-elf-gcc -xc -MP -MMD -c -I../TstLCD2_bsp//HAL/inc -I../TstLCD2_bsp/ -I../TstLCD2_bsp//drivers/inc  -DSYSTEM_BUS_WIDTH=32 -pipe -D__hal__ -DALT_NO_C_PLUS_PLUS -DALT_NO_CLEAN_EXIT -D'exit(a)=_exit(a)' -DALT_NO_EXIT -DALT_USE_DIRECT_DRIVERS -DALT_NO_INSTRUCTION_EMULATION -DALT_USE_SMALL_DRIVERS -DSMALL_C_LIB -DALT_SINGLE_THREADED    -Os -g -Wall   -mno-hw-div -mhw-mul -mno-hw-mulx  -o obj/default/hello_world_small.o hello_world_small.c
Info: Linking TstLCD2.elf
nios2-elf-g++  -T'../TstLCD2_bsp//linker.x' -msys-crt0='../TstLCD2_bsp//obj/HAL/src/crt0.o' -msys-lib=hal_bsp -L../TstLCD2_bsp/  -msmallc  -Wl,-Map=TstLCD2.map   -Os -g -Wall   -mno-hw-div -mhw-mul -mno-hw-mulx  -o TstLCD2.elf obj/default/hello_world_small.o -lm 
nios2-elf-insert TstLCD2.elf --thread_model hal --cpu_name nios2_qsys_0 --qsys true --simulation_enabled false --stderr_dev jtag_uart_0 --stdin_dev jtag_uart_0 --stdout_dev jtag_uart_0 --sopc_system_name full_sys --quartus_project_dir "Z:/ES/LCD/quartus" --jdi ../..//output_files/LCD.jdi --sopcinfo Z:/ES/LCD/quartus/software/TstLCD2_bsp/../../full_sys.sopcinfo
Info: (TstLCD2.elf) 2372 Bytes program size (code + initialized data).
Info:               1720 Bytes free for stack + heap.
Info: Creating TstLCD2.objdump
nios2-elf-objdump --disassemble --syms --all-header --source TstLCD2.elf >TstLCD2.objdump
[TstLCD2 build complete]
18:53:19 **** Incremental Build of configuration Nios II for project TstLCD2 ****
make all 
Info: Building ../TstLCD2_bsp/
C:/altera/14.1/nios2eds/bin/gnu/H-x86_64-mingw32/bin/make --no-print-directory -C ../TstLCD2_bsp/
Makefile not up to date.
../../full_sys.sopcinfo has been modified since the BSP was generated.

Generate the BSP to update the Makefile, and then build again.

To generate from Eclipse:
 1. Right-click the BSP project.
 2. In the Nios II Menu, click Generate BSP.

To generate from the command line:
 nios2-bsp-generate-files --settings=<settings file> --bsp-dir=<target bsp files directory>

make[1]: *** [public.mk] Error 1
make: *** [../TstLCD2_bsp/-recurs-make-lib] Error 2
18:57:07 **** Incremental Build of configuration Nios II for project TstLCD2 ****
make all 
Info: Building ../TstLCD2_bsp/
C:/altera/14.1/nios2eds/bin/gnu/H-x86_64-mingw32/bin/make --no-print-directory -C ../TstLCD2_bsp/
[BSP build complete]
[TstLCD2 build complete]
19:11:47 **** Build of configuration Nios II for project TstLCD2 ****
make all 
Info: Building ../TstLCD2_bsp/
C:/altera/14.1/nios2eds/bin/gnu/H-x86_64-mingw32/bin/make --no-print-directory -C ../TstLCD2_bsp/
[BSP build complete]
[TstLCD2 build complete]
19:12:52 **** Incremental Build of configuration Nios II for project TstLCD2 ****
make all 
Info: Building ../TstLCD2_bsp/
C:/altera/14.1/nios2eds/bin/gnu/H-x86_64-mingw32/bin/make --no-print-directory -C ../TstLCD2_bsp/
[BSP build complete]
[TstLCD2 build complete]
19:15:20 **** Incremental Build of configuration Nios II for project TstLCD2 ****
make all 
Info: Building ../TstLCD2_bsp/
C:/altera/14.1/nios2eds/bin/gnu/H-x86_64-mingw32/bin/make --no-print-directory -C ../TstLCD2_bsp/
[BSP build complete]
[TstLCD2 build complete]
19:17:16 **** Incremental Build of configuration Nios II for project TstLCD2 ****
make all 
Info: Building ../TstLCD2_bsp/
C:/altera/14.1/nios2eds/bin/gnu/H-x86_64-mingw32/bin/make --no-print-directory -C ../TstLCD2_bsp/
[BSP build complete]
Info: Compiling hello_world_small.c to obj/default/hello_world_small.o
nios2-elf-gcc -xc -MP -MMD -c -I../TstLCD2_bsp//HAL/inc -I../TstLCD2_bsp/ -I../TstLCD2_bsp//drivers/inc  -DSYSTEM_BUS_WIDTH=32 -pipe -D__hal__ -DALT_NO_C_PLUS_PLUS -DALT_NO_CLEAN_EXIT -D'exit(a)=_exit(a)' -DALT_NO_EXIT -DALT_USE_DIRECT_DRIVERS -DALT_NO_INSTRUCTION_EMULATION -DALT_USE_SMALL_DRIVERS -DSMALL_C_LIB -DALT_SINGLE_THREADED    -Os -g -Wall   -mno-hw-div -mhw-mul -mno-hw-mulx  -o obj/default/hello_world_small.o hello_world_small.c
Info: Linking TstLCD2.elf
nios2-elf-g++  -T'../TstLCD2_bsp//linker.x' -msys-crt0='../TstLCD2_bsp//obj/HAL/src/crt0.o' -msys-lib=hal_bsp -L../TstLCD2_bsp/  -msmallc  -Wl,-Map=TstLCD2.map   -Os -g -Wall   -mno-hw-div -mhw-mul -mno-hw-mulx  -o TstLCD2.elf obj/default/hello_world_small.o -lm 
nios2-elf-insert TstLCD2.elf --thread_model hal --cpu_name nios2_qsys_0 --qsys true --simulation_enabled false --stderr_dev jtag_uart_0 --stdin_dev jtag_uart_0 --stdout_dev jtag_uart_0 --sopc_system_name full_sys --quartus_project_dir "Z:/ES/LCD/quartus" --jdi ../..//output_files/LCD.jdi --sopcinfo Z:/ES/LCD/quartus/software/TstLCD2_bsp/../../full_sys.sopcinfo
Info: (TstLCD2.elf) 2376 Bytes program size (code + initialized data).
Info:               1716 Bytes free for stack + heap.
Info: Creating TstLCD2.objdump
nios2-elf-objdump --disassemble --syms --all-header --source TstLCD2.elf >TstLCD2.objdump
[TstLCD2 build complete]
19:29:08 **** Build of configuration Nios II for project TstLCD2 ****
make all 
Info: Building ../TstLCD2_bsp/
C:/altera/14.1/nios2eds/bin/gnu/H-x86_64-mingw32/bin/make --no-print-directory -C ../TstLCD2_bsp/
Command canceled
19:29:15 **** Build of configuration Nios II for project TstLCD2 ****
make all 
Info: Building ../TstLCD2_bsp/
C:/altera/14.1/nios2eds/bin/gnu/H-x86_64-mingw32/bin/make --no-print-directory -C ../TstLCD2_bsp/
[BSP build complete]
[TstLCD2 build complete]
19:49:46 **** Incremental Build of configuration Nios II for project TstLCD2 ****
make all 
Info: Building ../TstLCD2_bsp/
C:/altera/14.1/nios2eds/bin/gnu/H-x86_64-mingw32/bin/make --no-print-directory -C ../TstLCD2_bsp/
[BSP build complete]
[TstLCD2 build complete]
20:00:58 **** Incremental Build of configuration Nios II for project TstLCD2 ****
make all 
Info: Building ../TstLCD2_bsp/
C:/altera/14.1/nios2eds/bin/gnu/H-x86_64-mingw32/bin/make --no-print-directory -C ../TstLCD2_bsp/
[BSP build complete]
[TstLCD2 build complete]
